#
# There is insufficient memory for the Java Runtime Environment to continue.
# Native memory allocation (mmap) failed to map 2031616 bytes for G1 virtual space
# Possible reasons:
#   The system is out of physical RAM or swap space
#   The process is running with CompressedOops enabled, and the Java Heap may be blocking the growth of the native heap
# Possible solutions:
#   Reduce memory load on the system
#   Increase physical memory or swap space
#   Check if swap backing store is full
#   Decrease Java heap size (-Xmx/-Xms)
#   Decrease number of Java threads
#   Decrease Java thread stack sizes (-Xss)
#   Set larger code cache with -XX:ReservedCodeCacheSize=
#   JVM is running with Unscaled Compressed Oops mode in which the Java heap is
#     placed in the first 4GB address space. The Java Heap base address is the
#     maximum limit for the native heap growth. Please use -XX:HeapBaseMinAddress
#     to set the Java Heap base and to place the Java Heap above 4GB virtual address.
# This output file may be truncated or incomplete.
#
#  Out of Memory Error (os_windows.cpp:3613), pid=24752, tid=6104
#
# JRE version:  (17.0.10+7) (build )
# Java VM: OpenJDK 64-Bit Server VM (17.0.10+7, mixed mode, sharing, tiered, compressed oops, compressed class ptrs, g1 gc, windows-amd64)
# No core dump will be written. Minidumps are not enabled by default on client versions of Windows
#

---------------  S U M M A R Y ------------

Command Line: -XX:+ShowCodeDetailsInExceptionMessages Exercicio15melhorado

Host: Intel(R) Core(TM) i5-5300U CPU @ 2.30GHz, 4 cores, 7G,  Windows 11 , 64 bit Build 22621 (10.0.22621.3235)
Time: Tue Mar 19 08:50:28 2024 Hora oficial do Brasil elapsed time: 0.026382 seconds (0d 0h 0m 0s)

---------------  T H R E A D  ---------------

Current thread (0x000001ffba839c40):  JavaThread "Unknown thread" [_thread_in_vm, id=6104, stack(0x0000001633d00000,0x0000001633e00000)]

Stack: [0x0000001633d00000,0x0000001633e00000]
Native frames: (J=compiled Java code, j=interpreted, Vv=VM code, C=native code)
V  [jvm.dll+0x67d2c9]
V  [jvm.dll+0x834afa]
V  [jvm.dll+0x8365be]
V  [jvm.dll+0x836c23]
V  [jvm.dll+0x2477ff]
V  [jvm.dll+0x67a109]
V  [jvm.dll+0x66eb7a]
V  [jvm.dll+0x30764b]
V  [jvm.dll+0x30eaf6]
V  [jvm.dll+0x35e853]
V  [jvm.dll+0x35ea6f]
V  [jvm.dll+0x2de248]
V  [jvm.dll+0x2df1b4]
V  [jvm.dll+0x806361]
V  [jvm.dll+0x36c6f1]
V  [jvm.dll+0x7e4e06]
V  [jvm.dll+0x3eff3f]
V  [jvm.dll+0x3f1b71]
C  [jli.dll+0x528f]
C  [ucrtbase.dll+0x29363]
C  [KERNEL32.DLL+0x1257d]
C  [ntdll.dll+0x5aa58]


---------------  P R O C E S S  ---------------

Threads class SMR info:
_java_thread_list=0x00007ffbbf97ee98, length=0, elements={
}

Java Threads: ( => current thread )

Other Threads:
  0x000001ffba8920f0 GCTaskThread "GC Thread#0" [stack: 0x0000001633e00000,0x0000001633f00000] [id=18248]
  0x000001ffba8a26c0 ConcurrentGCThread "G1 Main Marker" [stack: 0x0000001633f00000,0x0000001634000000] [id=16548]
  0x000001ffba8a30e0 ConcurrentGCThread "G1 Conc#0" [stack: 0x0000001634000000,0x0000001634100000] [id=24744]

[error occurred during error reporting (printing all threads), id 0xc0000005, EXCEPTION_ACCESS_VIOLATION (0xc0000005) at pc=0x00007ffbbf13ec87]

VM state: not at safepoint (not fully initialized)

VM Mutex/Monitor currently owned by a thread:  ([mutex/lock_event])
[0x000001ffba835380] Heap_lock - owner thread: 0x000001ffba839c40

Heap address: 0x0000000084c00000, size: 1972 MB, Compressed Oops mode: 32-bit

CDS archive(s) mapped at: [0x0000000000000000-0x0000000000000000-0x0000000000000000), size 0, SharedBaseAddress: 0x0000000800000000, ArchiveRelocationMode: 1.
Narrow klass base: 0x0000000000000000, Narrow klass shift: 0, Narrow klass range: 0x0

GC Precious Log:
<Empty>

Heap:
 garbage-first heap   total 0K, used 0K [0x0000000084c00000, 0x0000000100000000)
  region size 1024K, 0 young (0K), 0 survivors (0K)

[error occurred during error reporting (printing heap information), id 0xc0000005, EXCEPTION_ACCESS_VIOLATION (0xc0000005) at pc=0x00007ffbbf526fb9]

GC Heap History (0 events):
No events

Dll operation events (1 events):
Event: 0.016 Loaded shared library C:\Users\Wise\.vscode\extensions\redhat.java-1.28.1-win32-x64\jre\17.0.10-win32-x86_64\bin\java.dll

Deoptimization events (0 events):
No events

Classes unloaded (0 events):
No events

Classes redefined (0 events):
No events

Internal exceptions (0 events):
No events

VM Operations (0 events):
No events

Events (0 events):
No events


Dynamic libraries:
0x00007ff6ffc20000 - 0x00007ff6ffc2e000 	C:\Users\Wise\.vscode\extensions\redhat.java-1.28.1-win32-x64\jre\17.0.10-win32-x86_64\bin\java.exe
0x00007ffc17d10000 - 0x00007ffc17f26000 	C:\Windows\SYSTEM32\ntdll.dll
0x00007ffc171f0000 - 0x00007ffc172b4000 	C:\Windows\System32\KERNEL32.DLL
0x00007ffc152e0000 - 0x00007ffc15686000 	C:\Windows\System32\KERNELBASE.dll
0x00007ffc158d0000 - 0x00007ffc159e1000 	C:\Windows\System32\ucrtbase.dll
0x00007ffc04520000 - 0x00007ffc04537000 	C:\Users\Wise\.vscode\extensions\redhat.java-1.28.1-win32-x64\jre\17.0.10-win32-x86_64\bin\jli.dll
0x00007ffc176e0000 - 0x00007ffc1788d000 	C:\Windows\System32\USER32.dll
0x00007ffc15690000 - 0x00007ffc156b6000 	C:\Windows\System32\win32u.dll
0x00007ffc17370000 - 0x00007ffc17399000 	C:\Windows\System32\GDI32.dll
0x00007ffc15050000 - 0x00007ffc15168000 	C:\Windows\System32\gdi32full.dll
0x00007ffc15830000 - 0x00007ffc158ca000 	C:\Windows\System32\msvcp_win.dll
0x00007ffc03eb0000 - 0x00007ffc03ecb000 	C:\Users\Wise\.vscode\extensions\redhat.java-1.28.1-win32-x64\jre\17.0.10-win32-x86_64\bin\VCRUNTIME140.dll
0x00007ffc04930000 - 0x00007ffc04bc3000 	C:\Windows\WinSxS\amd64_microsoft.windows.common-controls_6595b64144ccf1df_6.0.22621.3235_none_270f74e173860f98\COMCTL32.dll
0x00007ffc15fc0000 - 0x00007ffc16067000 	C:\Windows\System32\msvcrt.dll
0x00007ffc17680000 - 0x00007ffc176b1000 	C:\Windows\System32\IMM32.DLL
0x00007ffc0f800000 - 0x00007ffc0f80c000 	C:\Users\Wise\.vscode\extensions\redhat.java-1.28.1-win32-x64\jre\17.0.10-win32-x86_64\bin\vcruntime140_1.dll
0x00007ffbe9990000 - 0x00007ffbe9a1d000 	C:\Users\Wise\.vscode\extensions\redhat.java-1.28.1-win32-x64\jre\17.0.10-win32-x86_64\bin\msvcp140.dll
0x00007ffbbee50000 - 0x00007ffbbfab2000 	C:\Users\Wise\.vscode\extensions\redhat.java-1.28.1-win32-x64\jre\17.0.10-win32-x86_64\bin\server\jvm.dll
0x00007ffc15cc0000 - 0x00007ffc15d72000 	C:\Windows\System32\ADVAPI32.dll
0x00007ffc15df0000 - 0x00007ffc15e98000 	C:\Windows\System32\sechost.dll
0x00007ffc156c0000 - 0x00007ffc156e8000 	C:\Windows\System32\bcrypt.dll
0x00007ffc15ea0000 - 0x00007ffc15fb5000 	C:\Windows\System32\RPCRT4.dll
0x00007ffc13ee0000 - 0x00007ffc13f2d000 	C:\Windows\SYSTEM32\POWRPROF.dll
0x00007ffc0f190000 - 0x00007ffc0f199000 	C:\Windows\SYSTEM32\WSOCK32.dll
0x00007ffc0db20000 - 0x00007ffc0db54000 	C:\Windows\SYSTEM32\WINMM.dll
0x00007ffc17890000 - 0x00007ffc17901000 	C:\Windows\System32\WS2_32.dll
0x00007ffc08600000 - 0x00007ffc0860a000 	C:\Windows\SYSTEM32\VERSION.dll
0x00007ffc13ec0000 - 0x00007ffc13ed3000 	C:\Windows\SYSTEM32\UMPDC.dll
0x00007ffc14180000 - 0x00007ffc14198000 	C:\Windows\SYSTEM32\kernel.appcore.dll
0x00007ffc05d90000 - 0x00007ffc05d9a000 	C:\Users\Wise\.vscode\extensions\redhat.java-1.28.1-win32-x64\jre\17.0.10-win32-x86_64\bin\jimage.dll
0x00007ffbfd0a0000 - 0x00007ffbfd2d3000 	C:\Windows\SYSTEM32\DBGHELP.DLL
0x00007ffc16070000 - 0x00007ffc163f8000 	C:\Windows\System32\combase.dll
0x00007ffc17110000 - 0x00007ffc171e7000 	C:\Windows\System32\OLEAUT32.dll
0x00007ffbfd060000 - 0x00007ffbfd092000 	C:\Windows\SYSTEM32\dbgcore.DLL
0x00007ffc157b0000 - 0x00007ffc1582a000 	C:\Windows\System32\bcryptPrimitives.dll
0x00007ffc03e50000 - 0x00007ffc03e75000 	C:\Users\Wise\.vscode\extensions\redhat.java-1.28.1-win32-x64\jre\17.0.10-win32-x86_64\bin\java.dll

dbghelp: loaded successfully - version: 4.0.5 - missing functions: none
symbol engine: initialized successfully - sym options: 0x614 - pdb path: .;C:\Users\Wise\.vscode\extensions\redhat.java-1.28.1-win32-x64\jre\17.0.10-win32-x86_64\bin;C:\Windows\SYSTEM32;C:\Windows\WinSxS\amd64_microsoft.windows.common-controls_6595b64144ccf1df_6.0.22621.3235_none_270f74e173860f98;C:\Users\Wise\.vscode\extensions\redhat.java-1.28.1-win32-x64\jre\17.0.10-win32-x86_64\bin\server

VM Arguments:
jvm_args: -XX:+ShowCodeDetailsInExceptionMessages 
java_command: Exercicio15melhorado
java_class_path (initial): C:\Users\Wise\OneDrive - WISE\Área de Trabalho\AlgoritmosLogicas2024\ProjetoExercicio\bin
Launcher Type: SUN_STANDARD

[Global flags]
     intx CICompilerCount                          = 3                                         {product} {ergonomic}
     uint ConcGCThreads                            = 1                                         {product} {ergonomic}
     uint G1ConcRefinementThreads                  = 4                                         {product} {ergonomic}
   size_t G1HeapRegionSize                         = 1048576                                   {product} {ergonomic}
    uintx GCDrainStackTargetSize                   = 64                                        {product} {ergonomic}
   size_t InitialHeapSize                          = 130023424                                 {product} {ergonomic}
   size_t MarkStackSize                            = 4194304                                   {product} {ergonomic}
   size_t MaxHeapSize                              = 2067791872                                {product} {ergonomic}
   size_t MinHeapDeltaBytes                        = 1048576                                   {product} {ergonomic}
   size_t MinHeapSize                              = 8388608                                   {product} {ergonomic}
    uintx NonNMethodCodeHeapSize                   = 5832780                                {pd product} {ergonomic}
    uintx NonProfiledCodeHeapSize                  = 122912730                              {pd product} {ergonomic}
    uintx ProfiledCodeHeapSize                     = 122912730                              {pd product} {ergonomic}
    uintx ReservedCodeCacheSize                    = 251658240                              {pd product} {ergonomic}
     bool SegmentedCodeCache                       = true                                      {product} {ergonomic}
     bool ShowCodeDetailsInExceptionMessages       = true                                   {manageable} {command line}
   size_t SoftMaxHeapSize                          = 2067791872                             {manageable} {ergonomic}
     bool UseCompressedClassPointers               = true                           {product lp64_product} {ergonomic}
     bool UseCompressedOops                        = true                           {product lp64_product} {ergonomic}
     bool UseG1GC                                  = true                                      {product} {ergonomic}
     bool UseLargePagesIndividualAllocation        = false                                  {pd product} {ergonomic}

Logging:
Log output configuration:
 #0: stdout all=warning uptime,level,tags
 #1: stderr all=off uptime,level,tags

Environment Variables:
JAVA_HOME=C:\Java\jdk1.8.0_77
PATH=C:\ProgramData\Oracle\Java\javapath;C:\Program Files (x86)\Common Files\Oracle\Java\javapath;C:\Python311\Scripts\;C:\Python311\;C:\Windows\system32;C:\Windows;C:\Windows\System32\Wbem;C:\Windows\System32\WindowsPowerShell\v1.0\;C:\Windows\System32\OpenSSH\;C:\Program Files\TortoiseSVN\bin;C:\ProgramData\chocolatey\bin;C:\Program Files\Git\cmd;C:\Users\Wise\AppData\Roaming\nvm;C:\Program Files\nodejs;C:\Users\Wise\AppData\Local\Microsoft\WindowsApps;C:\Users\Wise\AppData\Local\Programs\Microsoft VS Code\bin;C:\Users\Wise\AppData\Roaming\npm;C:\Program Files\JetBrains\IntelliJ IDEA Educational Edition 2022.2.2\bin;;C:\Users\Wise\AppData\Roaming\nvm;C:\Program Files\nodejs
USERNAME=Wise
LANG=en_US.UTF-8
OS=Windows_NT
PROCESSOR_IDENTIFIER=Intel64 Family 6 Model 61 Stepping 4, GenuineIntel
TMP=C:\Users\Wise\AppData\Local\Temp
TEMP=C:\Users\Wise\AppData\Local\Temp



Periodic native trim disabled


---------------  S Y S T E M  ---------------

OS:
 Windows 11 , 64 bit Build 22621 (10.0.22621.3235)
OS uptime: 5 days 0:20 hours

CPU: total 4 (initial active 4) (2 cores per cpu, 2 threads per core) family 6 model 61 stepping 4 microcode 0x2f, cx8, cmov, fxsr, ht, mmx, 3dnowpref, sse, sse2, sse3, ssse3, sse4.1, sse4.2, popcnt, lzcnt, tsc, tscinvbit, avx, avx2, aes, erms, clmul, bmi1, bmi2, rtm, adx, fma, vzeroupper, clflush
Processor Information for all 4 processors :
  Max Mhz: 2301, Current Mhz: 2300, Mhz Limit: 2277

Memory: 4k page, system-wide physical 7884M (802M free)
TotalPageFile size 23055M (AvailPageFile size 0M)
current process WorkingSet (physical memory assigned to process): 11M, peak: 11M
current process commit charge ("private bytes"): 176M, peak: 178M

vm_info: OpenJDK 64-Bit Server VM (17.0.10+7) for windows-amd64 JRE (17.0.10+7), built on Jan 16 2024 23:25:11 by "admin" with MS VC++ 16.10 / 16.11 (VS2019)

END.
