#
# There is insufficient memory for the Java Runtime Environment to continue.
# Native memory allocation (mmap) failed to map 165675008 bytes for G1 virtual space
# Possible reasons:
#   The system is out of physical RAM or swap space
#   The process is running with CompressedOops enabled, and the Java Heap may be blocking the growth of the native heap
# Possible solutions:
#   Reduce memory load on the system
#   Increase physical memory or swap space
#   Check if swap backing store is full
#   Decrease Java heap size (-Xmx/-Xms)
#   Decrease number of Java threads
#   Decrease Java thread stack sizes (-Xss)
#   Set larger code cache with -XX:ReservedCodeCacheSize=
#   JVM is running with Zero Based Compressed Oops mode in which the Java heap is
#     placed in the first 32GB address space. The Java Heap base address is the
#     maximum limit for the native heap growth. Please use -XX:HeapBaseMinAddress
#     to set the Java Heap base and to place the Java Heap above 32GB virtual address.
# This output file may be truncated or incomplete.
#
#  Out of Memory Error (os_windows.cpp:3613), pid=14792, tid=34416
#
# JRE version:  (17.0.10+7) (build )
# Java VM: OpenJDK 64-Bit Server VM (17.0.10+7, mixed mode, sharing, tiered, compressed oops, compressed class ptrs, g1 gc, windows-amd64)
# No core dump will be written. Minidumps are not enabled by default on client versions of Windows
#

---------------  S U M M A R Y ------------

Command Line: -Dfile.encoding=UTF-8 -Dstdout.encoding=UTF-8 -Dstderr.encoding=UTF-8 -XX:+ShowCodeDetailsInExceptionMessages ExercicioPegaNumeros

Host: AMD Ryzen 7 5700U with Radeon Graphics         , 16 cores, 9G,  Windows 10 , 64 bit Build 19041 (10.0.19041.3636)
Time: Thu Jun 27 22:46:30 2024 Hora oficial do Brasil elapsed time: 0.012512 seconds (0d 0h 0m 0s)

---------------  T H R E A D  ---------------

Current thread (0x0000013284c1f2d0):  JavaThread "Unknown thread" [_thread_in_vm, id=34416, stack(0x00000002b7300000,0x00000002b7400000)]

Stack: [0x00000002b7300000,0x00000002b7400000]
Native frames: (J=compiled Java code, j=interpreted, Vv=VM code, C=native code)
V  [jvm.dll+0x67d2c9]
V  [jvm.dll+0x834afa]
V  [jvm.dll+0x8365be]
V  [jvm.dll+0x836c23]
V  [jvm.dll+0x2477ff]
V  [jvm.dll+0x67a109]
V  [jvm.dll+0x66eb7a]
V  [jvm.dll+0x30764b]
V  [jvm.dll+0x30eaf6]
V  [jvm.dll+0x35e83e]
V  [jvm.dll+0x35ea6f]
V  [jvm.dll+0x2de248]
V  [jvm.dll+0x2df1b4]
V  [jvm.dll+0x806361]
V  [jvm.dll+0x36c6f1]
V  [jvm.dll+0x7e4e06]
V  [jvm.dll+0x3eff3f]
V  [jvm.dll+0x3f1b71]
C  [jli.dll+0x528f]
C  [ucrtbase.dll+0x21bb2]
C  [KERNEL32.DLL+0x17344]
C  [ntdll.dll+0x4cc91]


---------------  P R O C E S S  ---------------

Threads class SMR info:
_java_thread_list=0x00007ffa4df6ee98, length=0, elements={
}

Java Threads: ( => current thread )

Other Threads:
  0x0000013284c6cfb0 GCTaskThread "GC Thread#0" [stack: 0x00000002b7400000,0x00000002b7500000] [id=18412]
  0x0000013284c78430 ConcurrentGCThread "G1 Main Marker" [stack: 0x00000002b7500000,0x00000002b7600000] [id=12528]
  0x0000013284c78e50 ConcurrentGCThread "G1 Conc#0" [stack: 0x00000002b7600000,0x00000002b7700000] [id=35936]

[error occurred during error reporting (printing all threads), id 0xc0000005, EXCEPTION_ACCESS_VIOLATION (0xc0000005) at pc=0x00007ffa4d72ec87]

VM state: not at safepoint (not fully initialized)

VM Mutex/Monitor currently owned by a thread:  ([mutex/lock_event])
[0x0000013284c18450] Heap_lock - owner thread: 0x0000013284c1f2d0

Heap address: 0x0000000762600000, size: 2522 MB, Compressed Oops mode: Zero based, Oop shift amount: 3

CDS archive(s) mapped at: [0x0000000000000000-0x0000000000000000-0x0000000000000000), size 0, SharedBaseAddress: 0x0000000800000000, ArchiveRelocationMode: 1.
Narrow klass base: 0x0000000000000000, Narrow klass shift: 0, Narrow klass range: 0x0

GC Precious Log:
<Empty>

Heap:
 garbage-first heap   total 0K, used 0K [0x0000000762600000, 0x0000000800000000)
  region size 2048K, 0 young (0K), 0 survivors (0K)

[error occurred during error reporting (printing heap information), id 0xc0000005, EXCEPTION_ACCESS_VIOLATION (0xc0000005) at pc=0x00007ffa4db16fb9]

GC Heap History (0 events):
No events

Dll operation events (1 events):
Event: 0.007 Loaded shared library C:\Users\Tassy\Desktop\eclipse\plugins\org.eclipse.justj.openjdk.hotspot.jre.full.win32.x86_64_17.0.10.v20240120-1143\jre\bin\java.dll

Deoptimization events (0 events):
No events

Classes unloaded (0 events):
No events

Classes redefined (0 events):
No events

Internal exceptions (0 events):
No events

VM Operations (0 events):
No events

Events (0 events):
No events


Dynamic libraries:
0x00007ff758b50000 - 0x00007ff758b5e000 	C:\Users\Tassy\Desktop\eclipse\plugins\org.eclipse.justj.openjdk.hotspot.jre.full.win32.x86_64_17.0.10.v20240120-1143\jre\bin\javaw.exe
0x00007ffabb110000 - 0x00007ffabb308000 	C:\Windows\SYSTEM32\ntdll.dll
0x00007ffabab50000 - 0x00007ffabac0d000 	C:\Windows\System32\KERNEL32.DLL
0x00007ffab89b0000 - 0x00007ffab8ca6000 	C:\Windows\System32\KERNELBASE.dll
0x00007ffab8d00000 - 0x00007ffab8e00000 	C:\Windows\System32\ucrtbase.dll
0x00007ffaad4d0000 - 0x00007ffaad4e7000 	C:\Users\Tassy\Desktop\eclipse\plugins\org.eclipse.justj.openjdk.hotspot.jre.full.win32.x86_64_17.0.10.v20240120-1143\jre\bin\jli.dll
0x00007ffa9f950000 - 0x00007ffa9f96b000 	C:\Users\Tassy\Desktop\eclipse\plugins\org.eclipse.justj.openjdk.hotspot.jre.full.win32.x86_64_17.0.10.v20240120-1143\jre\bin\VCRUNTIME140.dll
0x00007ffaba1a0000 - 0x00007ffaba33f000 	C:\Windows\System32\USER32.dll
0x00007ffab9120000 - 0x00007ffab9142000 	C:\Windows\System32\win32u.dll
0x00007ffab9b00000 - 0x00007ffab9b2b000 	C:\Windows\System32\GDI32.dll
0x00007ffab7b30000 - 0x00007ffab7dca000 	C:\Windows\WinSxS\amd64_microsoft.windows.common-controls_6595b64144ccf1df_6.0.19041.4355_none_60b8b9eb71f62e16\COMCTL32.dll
0x00007ffab8f60000 - 0x00007ffab9077000 	C:\Windows\System32\gdi32full.dll
0x00007ffab8880000 - 0x00007ffab891d000 	C:\Windows\System32\msvcp_win.dll
0x00007ffab92e0000 - 0x00007ffab937e000 	C:\Windows\System32\msvcrt.dll
0x00007ffabace0000 - 0x00007ffabad0f000 	C:\Windows\System32\IMM32.DLL
0x00007ffab3e90000 - 0x00007ffab3e9c000 	C:\Users\Tassy\Desktop\eclipse\plugins\org.eclipse.justj.openjdk.hotspot.jre.full.win32.x86_64_17.0.10.v20240120-1143\jre\bin\vcruntime140_1.dll
0x00007ffa9bc30000 - 0x00007ffa9bcbd000 	C:\Users\Tassy\Desktop\eclipse\plugins\org.eclipse.justj.openjdk.hotspot.jre.full.win32.x86_64_17.0.10.v20240120-1143\jre\bin\msvcp140.dll
0x00007ffa4d440000 - 0x00007ffa4e0a2000 	C:\Users\Tassy\Desktop\eclipse\plugins\org.eclipse.justj.openjdk.hotspot.jre.full.win32.x86_64_17.0.10.v20240120-1143\jre\bin\server\jvm.dll
0x00007ffab9fe0000 - 0x00007ffaba090000 	C:\Windows\System32\ADVAPI32.dll
0x00007ffab9be0000 - 0x00007ffab9c80000 	C:\Windows\System32\sechost.dll
0x00007ffabaa20000 - 0x00007ffabab43000 	C:\Windows\System32\RPCRT4.dll
0x00007ffab90f0000 - 0x00007ffab9117000 	C:\Windows\System32\bcrypt.dll
0x00007ffaace70000 - 0x00007ffaace97000 	C:\Windows\SYSTEM32\WINMM.dll
0x00007ffab8620000 - 0x00007ffab866b000 	C:\Windows\SYSTEM32\POWRPROF.dll
0x00007ffa53ce0000 - 0x00007ffa53ce9000 	C:\Windows\SYSTEM32\WSOCK32.dll
0x00007ffaba0a0000 - 0x00007ffaba10b000 	C:\Windows\System32\WS2_32.dll
0x00007ffab50b0000 - 0x00007ffab50ba000 	C:\Windows\SYSTEM32\VERSION.dll
0x00007ffab8600000 - 0x00007ffab8612000 	C:\Windows\SYSTEM32\UMPDC.dll
0x00007ffab5950000 - 0x00007ffab5962000 	C:\Windows\SYSTEM32\kernel.appcore.dll
0x00007ffab1e00000 - 0x00007ffab1e0a000 	C:\Users\Tassy\Desktop\eclipse\plugins\org.eclipse.justj.openjdk.hotspot.jre.full.win32.x86_64_17.0.10.v20240120-1143\jre\bin\jimage.dll
0x00007ffab8130000 - 0x00007ffab8314000 	C:\Windows\SYSTEM32\DBGHELP.DLL
0x00007ffab7f40000 - 0x00007ffab7f74000 	C:\Windows\SYSTEM32\dbgcore.DLL
0x00007ffab8920000 - 0x00007ffab89a2000 	C:\Windows\System32\bcryptPrimitives.dll
0x00007ffaa0840000 - 0x00007ffaa0865000 	C:\Users\Tassy\Desktop\eclipse\plugins\org.eclipse.justj.openjdk.hotspot.jre.full.win32.x86_64_17.0.10.v20240120-1143\jre\bin\java.dll

dbghelp: loaded successfully - version: 4.0.5 - missing functions: none
symbol engine: initialized successfully - sym options: 0x614 - pdb path: .;C:\Users\Tassy\Desktop\eclipse\plugins\org.eclipse.justj.openjdk.hotspot.jre.full.win32.x86_64_17.0.10.v20240120-1143\jre\bin;C:\Windows\SYSTEM32;C:\Windows\WinSxS\amd64_microsoft.windows.common-controls_6595b64144ccf1df_6.0.19041.4355_none_60b8b9eb71f62e16;C:\Users\Tassy\Desktop\eclipse\plugins\org.eclipse.justj.openjdk.hotspot.jre.full.win32.x86_64_17.0.10.v20240120-1143\jre\bin\server

VM Arguments:
jvm_args: -Dfile.encoding=UTF-8 -Dstdout.encoding=UTF-8 -Dstderr.encoding=UTF-8 -XX:+ShowCodeDetailsInExceptionMessages 
java_command: ExercicioPegaNumeros
java_class_path (initial): C:\Users\Tassy\eclipse-workspace\RevisaoProva2Bimestre\bin
Launcher Type: SUN_STANDARD

[Global flags]
     intx CICompilerCount                          = 12                                        {product} {ergonomic}
     uint ConcGCThreads                            = 3                                         {product} {ergonomic}
     uint G1ConcRefinementThreads                  = 13                                        {product} {ergonomic}
   size_t G1HeapRegionSize                         = 2097152                                   {product} {ergonomic}
    uintx GCDrainStackTargetSize                   = 64                                        {product} {ergonomic}
   size_t InitialHeapSize                          = 165675008                                 {product} {ergonomic}
   size_t MarkStackSize                            = 4194304                                   {product} {ergonomic}
   size_t MaxHeapSize                              = 2644508672                                {product} {ergonomic}
   size_t MinHeapDeltaBytes                        = 2097152                                   {product} {ergonomic}
   size_t MinHeapSize                              = 8388608                                   {product} {ergonomic}
    uintx NonNMethodCodeHeapSize                   = 7602480                                {pd product} {ergonomic}
    uintx NonProfiledCodeHeapSize                  = 122027880                              {pd product} {ergonomic}
    uintx ProfiledCodeHeapSize                     = 122027880                              {pd product} {ergonomic}
    uintx ReservedCodeCacheSize                    = 251658240                              {pd product} {ergonomic}
     bool SegmentedCodeCache                       = true                                      {product} {ergonomic}
     bool ShowCodeDetailsInExceptionMessages       = true                                   {manageable} {command line}
   size_t SoftMaxHeapSize                          = 2644508672                             {manageable} {ergonomic}
     bool UseCompressedClassPointers               = true                           {product lp64_product} {ergonomic}
     bool UseCompressedOops                        = true                           {product lp64_product} {ergonomic}
     bool UseG1GC                                  = true                                      {product} {ergonomic}
     bool UseLargePagesIndividualAllocation        = false                                  {pd product} {ergonomic}

Logging:
Log output configuration:
 #0: stdout all=warning uptime,level,tags
 #1: stderr all=off uptime,level,tags

Environment Variables:
JAVA_HOME=C:\Program Files\Microsoft\jdk-17.0.11.9-hotspot\
PATH=C:/Users/Tassy/Desktop/eclipse//plugins/org.eclipse.justj.openjdk.hotspot.jre.full.win32.x86_64_17.0.10.v20240120-1143/jre/bin/server;C:/Users/Tassy/Desktop/eclipse//plugins/org.eclipse.justj.openjdk.hotspot.jre.full.win32.x86_64_17.0.10.v20240120-1143/jre/bin;C:\Program Files\Common Files\Oracle\Java\javapath;C:\Program Files\Microsoft\jdk-17.0.11.9-hotspot\bin;C:\Windows\system32;C:\Windows;C:\Windows\System32\Wbem;C:\Windows\System32\WindowsPowerShell\v1.0\;C:\Windows\System32\OpenSSH\;C:\Program Files\TortoiseSVN\bin;C:\Program Files\Git\cmd;C:\ProgramData\chocolatey\bin;C:\Program Files\nodejs\;C:\Program Files\Java\jdk-17\bin;C:\Program Files (x86)\Microsoft SQL Server\160\Tools\Binn\;C:\Program Files\Microsoft SQL Server\160\Tools\Binn\;C:\Program Files\Microsoft SQL Server\Client SDK\ODBC\170\Tools\Binn\;C:\Program Files\Microsoft SQL Server\160\DTS\Binn\;C:\Users\Tassy\AppData\Local\Microsoft\WindowsApps;C:\Users\Tassy\Documents\flutter\bin;C:\Users\Tassy\AppData\Local\Microsoft\WinGet\Packages\Schniz.fnm_Microsoft.Winget.Source_8wekyb3d8bbwe;C:\Users\Tassy\AppData\Roaming\npm;C:\Program Files\Java\jdk-17\bin;C:\Users\Tassy\AppData\Local\Programs\Microsoft VS Code\bin;C:\Users\Tassy\Desktop\eclipse;
USERNAME=Tassy
OS=Windows_NT
PROCESSOR_IDENTIFIER=AMD64 Family 23 Model 104 Stepping 1, AuthenticAMD
TMP=C:\Users\Tassy\AppData\Local\Temp
TEMP=C:\Users\Tassy\AppData\Local\Temp



Periodic native trim disabled


---------------  S Y S T E M  ---------------

OS:
 Windows 10 , 64 bit Build 19041 (10.0.19041.3636)
OS uptime: 8 days 14:07 hours

CPU: total 16 (initial active 16) (16 cores per cpu, 2 threads per core) family 23 model 104 stepping 1 microcode 0x0, cx8, cmov, fxsr, ht, mmx, 3dnowpref, sse, sse2, sse3, ssse3, sse4a, sse4.1, sse4.2, popcnt, lzcnt, tsc, tscinvbit, avx, avx2, aes, clmul, bmi1, bmi2, adx, sha, fma, vzeroupper, clflush, clflushopt
Processor Information for all 16 processors :
  Max Mhz: 1801, Current Mhz: 1801, Mhz Limit: 1801

Memory: 4k page, system-wide physical 10085M (450M free)
TotalPageFile size 40805M (AvailPageFile size 148M)
current process WorkingSet (physical memory assigned to process): 10M, peak: 10M
current process commit charge ("private bytes"): 70M, peak: 228M

vm_info: OpenJDK 64-Bit Server VM (17.0.10+7) for windows-amd64 JRE (17.0.10+7), built on Jan 16 2024 23:25:11 by "admin" with MS VC++ 16.10 / 16.11 (VS2019)

END.
